<?xml version="1.0" encoding="UTF-8"?>
<!-- Generated by org.testng.reporters.JUnitReportReporter -->
<testsuite hostname="MytriTS-Lenovo" name="com.page.regressiontesting.MainHomeTest" tests="1" failures="0" timestamp="6 Dec 2017 10:53:58 GMT" time="22.814" errors="0">
  <testcase name="logintest" time="22.814" classname="com.page.regressiontesting.MainHomeTest"/>
</testsuite> <!-- com.page.regressiontesting.MainHomeTest -->
